system   D            wsystem.c:583  maybe_parent_dir                 [   0.00048] Also searching C:\Users\tjarvis91\Documents\SuperGame\
system   D            wsystem.c:633  _al_win_safe_load_library        [   0.00067] PathFindOnPath found: C:\Windows\system32\d3d9.dll
system   D            wsystem.c:544  load_library_at_path             [   0.00068] Calling LoadLibrary C:\Windows\system32\d3d9.dll
system   I            wsystem.c:547  load_library_at_path             [   0.00289] Loaded C:\Windows\system32\d3d9.dll
d3d      I         d3d_disp.cpp:696  _al_d3d_init_display             [   0.02969] Render-to-texture: 1
system   I             system.c:252  al_install_system                [   0.02972] Allegro version: 5.0.10
dtor     D               dtor.c:184  _al_register_destructor          [   0.03064] added dtor for object 02D93D80, func 0FB324CD
d3d      I         d3d_disp.cpp:1737 d3d_create_display_locked        [   0.03146] faux_fullscreen=0
d3d      D         d3d_disp.cpp:1738 d3d_create_display_locked        [   0.03147] al_display=02CE7A80
d3d      D         d3d_disp.cpp:1739 d3d_create_display_locked        [   0.03148] al_display->vt=02D93F00
d3d      I d3d_display_formats.cpp:144  _al_d3d_generate_display_format_list [   0.05400] found 288 format combinations
display  D   display_settings.c:191  debug_display_settings           [   0.05403] color: 32 (rgba 8880), depth: 0, stencil: 0, acc: 0000, samples: 0/0
display  D   display_settings.c:506  _al_score_display_settings       [   0.05404] Score is : 897
display  D   display_settings.c:191  debug_display_settings           [   0.05405] color: 32 (rgba 8880), depth: 0, stencil: 0, acc: 0000, samples: 0/0
display  D   display_settings.c:506  _al_score_display_settings       [   0.05406] Score is : 897
display  D   display_settings.c:191  debug_display_settings           [   0.05406] color: 32 (rgba 8880), depth: 0, stencil: 0, acc: 0000, samples: 2/1
display  D   display_settings.c:506  _al_score_display_settings       [   0.05407] Score is : 726
display  D   display_settings.c:191  debug_display_settings           [   0.05408] color: 32 (rgba 8880), depth: 0, stencil: 0, acc: 0000, samples: 3/1
display  D   display_settings.c:506  _al_score_display_settings       [   0.05409] Score is : 721
display  D   display_settings.c:191  debug_display_settings           [   0.05409] color: 32 (rgba 8880), depth: 0, stencil: 0, acc: 0000, samples: 4/1
display  D   display_settings.c:506  _al_score_display_settings       [   0.05410] Score is : 717
display  D   display_settings.c:191  debug_display_settings           [   0.05411] color: 32 (rgba 8880), depth: 0, stencil: 0, acc: 0000, samples: 5/1
display  D   display_settings.c:506  _al_score_display_settings       [   0.05412] Score is : 715
display  D   display_settings.c:191  debug_display_settings           [   0.05412] color: 32 (rgba 8880), depth: 0, stencil: 0, acc: 0000, samples: 6/1
display  D   display_settings.c:506  _al_score_display_settings       [   0.05413] Score is : 714
display  D   display_settings.c:191  debug_display_settings           [   0.05414] color: 32 (rgba 8880), depth: 0, stencil: 0, acc: 0000, samples: 7/1
display  D   display_settings.c:506  _al_score_display_settings       [   0.05414] Score is : 713
display  D   display_settings.c:191  debug_display_settings           [   0.05415] color: 32 (rgba 8880), depth: 0, stencil: 0, acc: 0000, samples: 8/1
display  D   display_settings.c:506  _al_score_display_settings       [   0.05416] Score is : 712
display  D   display_settings.c:191  debug_display_settings           [   0.05417] color: 32 (rgba 8880), depth: 24, stencil: 8, acc: 0000, samples: 0/0
display  D   display_settings.c:506  _al_score_display_settings       [   0.05417] Score is : 897
display  D   display_settings.c:191  debug_display_settings           [   0.05418] color: 32 (rgba 8880), depth: 24, stencil: 8, acc: 0000, samples: 0/0
display  D   display_settings.c:506  _al_score_display_settings       [   0.05419] Score is : 897
display  D   display_settings.c:191  debug_display_settings           [   0.05419] color: 32 (rgba 8880), depth: 24, stencil: 8, acc: 0000, samples: 2/1
display  D   display_settings.c:506  _al_score_display_settings       [   0.05425] Score is : 726
display  D   display_settings.c:191  debug_display_settings           [   0.05426] color: 32 (rgba 8880), depth: 24, stencil: 8, acc: 0000, samples: 3/1
display  D   display_settings.c:506  _al_score_display_settings       [   0.05427] Score is : 721
display  D   display_settings.c:191  debug_display_settings           [   0.05427] color: 32 (rgba 8880), depth: 24, stencil: 8, acc: 0000, samples: 4/1
display  D   display_settings.c:506  _al_score_display_settings       [   0.05428] Score is : 717
display  D   display_settings.c:191  debug_display_settings           [   0.05429] color: 32 (rgba 8880), depth: 24, stencil: 8, acc: 0000, samples: 5/1
display  D   display_settings.c:506  _al_score_display_settings       [   0.05430] Score is : 715
display  D   display_settings.c:191  debug_display_settings           [   0.05430] color: 32 (rgba 8880), depth: 24, stencil: 8, acc: 0000, samples: 6/1
display  D   display_settings.c:506  _al_score_display_settings       [   0.05431] Score is : 714
display  D   display_settings.c:191  debug_display_settings           [   0.05432] color: 32 (rgba 8880), depth: 24, stencil: 8, acc: 0000, samples: 7/1
display  D   display_settings.c:506  _al_score_display_settings       [   0.05432] Score is : 713
display  D   display_settings.c:191  debug_display_settings           [   0.05433] color: 32 (rgba 8880), depth: 24, stencil: 8, acc: 0000, samples: 8/1
display  D   display_settings.c:506  _al_score_display_settings       [   0.05434] Score is : 712
display  D   display_settings.c:191  debug_display_settings           [   0.05435] color: 32 (rgba 8880), depth: 24, stencil: 0, acc: 0000, samples: 0/0
display  D   display_settings.c:506  _al_score_display_settings       [   0.05435] Score is : 897
display  D   display_settings.c:191  debug_display_settings           [   0.05436] color: 32 (rgba 8880), depth: 24, stencil: 0, acc: 0000, samples: 0/0
display  D   display_settings.c:506  _al_score_display_settings       [   0.05437] Score is : 897
display  D   display_settings.c:191  debug_display_settings           [   0.05438] color: 32 (rgba 8880), depth: 24, stencil: 0, acc: 0000, samples: 2/1
display  D   display_settings.c:506  _al_score_display_settings       [   0.05438] Score is : 726
display  D   display_settings.c:191  debug_display_settings           [   0.05439] color: 32 (rgba 8880), depth: 24, stencil: 0, acc: 0000, samples: 3/1
display  D   display_settings.c:506  _al_score_display_settings       [   0.05440] Score is : 721
display  D   display_settings.c:191  debug_display_settings           [   0.05441] color: 32 (rgba 8880), depth: 24, stencil: 0, acc: 0000, samples: 4/1
display  D   display_settings.c:506  _al_score_display_settings       [   0.05441] Score is : 717
display  D   display_settings.c:191  debug_display_settings           [   0.05442] color: 32 (rgba 8880), depth: 24, stencil: 0, acc: 0000, samples: 5/1
display  D   display_settings.c:506  _al_score_display_settings       [   0.05443] Score is : 715
display  D   display_settings.c:191  debug_display_settings           [   0.05444] color: 32 (rgba 8880), depth: 24, stencil: 0, acc: 0000, samples: 6/1
display  D   display_settings.c:506  _al_score_display_settings       [   0.05444] Score is : 714
display  D   display_settings.c:191  debug_display_settings           [   0.05445] color: 32 (rgba 8880), depth: 24, stencil: 0, acc: 0000, samples: 7/1
display  D   display_settings.c:506  _al_score_display_settings       [   0.05446] Score is : 713
display  D   display_settings.c:191  debug_display_settings           [   0.05446] color: 32 (rgba 8880), depth: 24, stencil: 0, acc: 0000, samples: 8/1
display  D   display_settings.c:506  _al_score_display_settings       [   0.05447] Score is : 712
display  D   display_settings.c:191  debug_display_settings           [   0.05448] color: 32 (rgba 8880), depth: 16, stencil: 0, acc: 0000, samples: 0/0
display  D   display_settings.c:506  _al_score_display_settings       [   0.05449] Score is : 897
display  D   display_settings.c:191  debug_display_settings           [   0.05450] color: 32 (rgba 8880), depth: 16, stencil: 0, acc: 0000, samples: 0/0
display  D   display_settings.c:506  _al_score_display_settings       [   0.05451] Score is : 897
display  D   display_settings.c:191  debug_display_settings           [   0.05451] color: 32 (rgba 8880), depth: 16, stencil: 0, acc: 0000, samples: 2/1
display  D   display_settings.c:506  _al_score_display_settings       [   0.05452] Score is : 726
display  D   display_settings.c:191  debug_display_settings           [   0.05453] color: 32 (rgba 8880), depth: 16, stencil: 0, acc: 0000, samples: 3/1
display  D   display_settings.c:506  _al_score_display_settings       [   0.05454] Score is : 721
display  D   display_settings.c:191  debug_display_settings           [   0.05454] color: 32 (rgba 8880), depth: 16, stencil: 0, acc: 0000, samples: 4/1
display  D   display_settings.c:506  _al_score_display_settings       [   0.05455] Score is : 717
display  D   display_settings.c:191  debug_display_settings           [   0.05456] color: 32 (rgba 8880), depth: 16, stencil: 0, acc: 0000, samples: 5/1
display  D   display_settings.c:506  _al_score_display_settings       [   0.05456] Score is : 715
display  D   display_settings.c:191  debug_display_settings           [   0.05457] color: 32 (rgba 8880), depth: 16, stencil: 0, acc: 0000, samples: 6/1
display  D   display_settings.c:506  _al_score_display_settings       [   0.05458] Score is : 714
display  D   display_settings.c:191  debug_display_settings           [   0.05459] color: 32 (rgba 8880), depth: 16, stencil: 0, acc: 0000, samples: 7/1
display  D   display_settings.c:506  _al_score_display_settings       [   0.05459] Score is : 713
display  D   display_settings.c:191  debug_display_settings           [   0.05460] color: 32 (rgba 8880), depth: 16, stencil: 0, acc: 0000, samples: 8/1
display  D   display_settings.c:506  _al_score_display_settings       [   0.05461] Score is : 712
display  D   display_settings.c:191  debug_display_settings           [   0.05462] color: 16 (rgba 5650), depth: 0, stencil: 0, acc: 0000, samples: 0/0
display  D   display_settings.c:506  _al_score_display_settings       [   0.05463] Score is : 897
display  D   display_settings.c:191  debug_display_settings           [   0.05463] color: 16 (rgba 5650), depth: 0, stencil: 0, acc: 0000, samples: 0/0
display  D   display_settings.c:506  _al_score_display_settings       [   0.05464] Score is : 897
display  D   display_settings.c:191  debug_display_settings           [   0.05465] color: 16 (rgba 5650), depth: 0, stencil: 0, acc: 0000, samples: 2/1
display  D   display_settings.c:506  _al_score_display_settings       [   0.05465] Score is : 726
display  D   display_settings.c:191  debug_display_settings           [   0.05466] color: 16 (rgba 5650), depth: 0, stencil: 0, acc: 0000, samples: 3/1
display  D   display_settings.c:506  _al_score_display_settings       [   0.05467] Score is : 721
display  D   display_settings.c:191  debug_display_settings           [   0.05468] color: 16 (rgba 5650), depth: 0, stencil: 0, acc: 0000, samples: 4/1
display  D   display_settings.c:506  _al_score_display_settings       [   0.05474] Score is : 717
display  D   display_settings.c:191  debug_display_settings           [   0.05475] color: 16 (rgba 5650), depth: 0, stencil: 0, acc: 0000, samples: 5/1
display  D   display_settings.c:506  _al_score_display_settings       [   0.05476] Score is : 715
display  D   display_settings.c:191  debug_display_settings           [   0.05476] color: 16 (rgba 5650), depth: 0, stencil: 0, acc: 0000, samples: 6/1
display  D   display_settings.c:506  _al_score_display_settings       [   0.05477] Score is : 714
display  D   display_settings.c:191  debug_display_settings           [   0.05478] color: 16 (rgba 5650), depth: 0, stencil: 0, acc: 0000, samples: 7/1
display  D   display_settings.c:506  _al_score_display_settings       [   0.05479] Score is : 713
display  D   display_settings.c:191  debug_display_settings           [   0.05479] color: 16 (rgba 5650), depth: 0, stencil: 0, acc: 0000, samples: 8/1
display  D   display_settings.c:506  _al_score_display_settings       [   0.05480] Score is : 712
display  D   display_settings.c:191  debug_display_settings           [   0.05481] color: 16 (rgba 5650), depth: 24, stencil: 8, acc: 0000, samples: 0/0
display  D   display_settings.c:506  _al_score_display_settings       [   0.05482] Score is : 897
display  D   display_settings.c:191  debug_display_settings           [   0.05483] color: 16 (rgba 5650), depth: 24, stencil: 8, acc: 0000, samples: 0/0
display  D   display_settings.c:506  _al_score_display_settings       [   0.05483] Score is : 897
display  D   display_settings.c:191  debug_display_settings           [   0.05484] color: 16 (rgba 5650), depth: 24, stencil: 8, acc: 0000, samples: 2/1
display  D   display_settings.c:506  _al_score_display_settings       [   0.05485] Score is : 726
display  D   display_settings.c:191  debug_display_settings           [   0.05485] color: 16 (rgba 5650), depth: 24, stencil: 8, acc: 0000, samples: 3/1
display  D   display_settings.c:506  _al_score_display_settings       [   0.05486] Score is : 721
display  D   display_settings.c:191  debug_display_settings           [   0.05487] color: 16 (rgba 5650), depth: 24, stencil: 8, acc: 0000, samples: 4/1
display  D   display_settings.c:506  _al_score_display_settings       [   0.05488] Score is : 717
display  D   display_settings.c:191  debug_display_settings           [   0.05488] color: 16 (rgba 5650), depth: 24, stencil: 8, acc: 0000, samples: 5/1
display  D   display_settings.c:506  _al_score_display_settings       [   0.05489] Score is : 715
display  D   display_settings.c:191  debug_display_settings           [   0.05490] color: 16 (rgba 5650), depth: 24, stencil: 8, acc: 0000, samples: 6/1
display  D   display_settings.c:506  _al_score_display_settings       [   0.05491] Score is : 714
display  D   display_settings.c:191  debug_display_settings           [   0.05491] color: 16 (rgba 5650), depth: 24, stencil: 8, acc: 0000, samples: 7/1
display  D   display_settings.c:506  _al_score_display_settings       [   0.05492] Score is : 713
display  D   display_settings.c:191  debug_display_settings           [   0.05493] color: 16 (rgba 5650), depth: 24, stencil: 8, acc: 0000, samples: 8/1
display  D   display_settings.c:506  _al_score_display_settings       [   0.05494] Score is : 712
display  D   display_settings.c:191  debug_display_settings           [   0.05494] color: 16 (rgba 5650), depth: 24, stencil: 0, acc: 0000, samples: 0/0
display  D   display_settings.c:506  _al_score_display_settings       [   0.05495] Score is : 897
display  D   display_settings.c:191  debug_display_settings           [   0.05496] color: 16 (rgba 5650), depth: 24, stencil: 0, acc: 0000, samples: 0/0
display  D   display_settings.c:506  _al_score_display_settings       [   0.05497] Score is : 897
display  D   display_settings.c:191  debug_display_settings           [   0.05497] color: 16 (rgba 5650), depth: 24, stencil: 0, acc: 0000, samples: 2/1
display  D   display_settings.c:506  _al_score_display_settings       [   0.05498] Score is : 726
display  D   display_settings.c:191  debug_display_settings           [   0.05499] color: 16 (rgba 5650), depth: 24, stencil: 0, acc: 0000, samples: 3/1
display  D   display_settings.c:506  _al_score_display_settings       [   0.05500] Score is : 721
display  D   display_settings.c:191  debug_display_settings           [   0.05500] color: 16 (rgba 5650), depth: 24, stencil: 0, acc: 0000, samples: 4/1
display  D   display_settings.c:506  _al_score_display_settings       [   0.05501] Score is : 717
display  D   display_settings.c:191  debug_display_settings           [   0.05502] color: 16 (rgba 5650), depth: 24, stencil: 0, acc: 0000, samples: 5/1
display  D   display_settings.c:506  _al_score_display_settings       [   0.05503] Score is : 715
display  D   display_settings.c:191  debug_display_settings           [   0.05505] color: 16 (rgba 5650), depth: 24, stencil: 0, acc: 0000, samples: 6/1
display  D   display_settings.c:506  _al_score_display_settings       [   0.05506] Score is : 714
display  D   display_settings.c:191  debug_display_settings           [   0.05507] color: 16 (rgba 5650), depth: 24, stencil: 0, acc: 0000, samples: 7/1
display  D   display_settings.c:506  _al_score_display_settings       [   0.05508] Score is : 713
display  D   display_settings.c:191  debug_display_settings           [   0.05509] color: 16 (rgba 5650), depth: 24, stencil: 0, acc: 0000, samples: 8/1
display  D   display_settings.c:506  _al_score_display_settings       [   0.05509] Score is : 712
display  D   display_settings.c:191  debug_display_settings           [   0.05510] color: 16 (rgba 5650), depth: 16, stencil: 0, acc: 0000, samples: 0/0
display  D   display_settings.c:506  _al_score_display_settings       [   0.05511] Score is : 897
display  D   display_settings.c:191  debug_display_settings           [   0.05511] color: 16 (rgba 5650), depth: 16, stencil: 0, acc: 0000, samples: 0/0
display  D   display_settings.c:506  _al_score_display_settings       [   0.05512] Score is : 897
display  D   display_settings.c:191  debug_display_settings           [   0.05513] color: 16 (rgba 5650), depth: 16, stencil: 0, acc: 0000, samples: 2/1
display  D   display_settings.c:506  _al_score_display_settings       [   0.05514] Score is : 726
display  D   display_settings.c:191  debug_display_settings           [   0.05514] color: 16 (rgba 5650), depth: 16, stencil: 0, acc: 0000, samples: 3/1
display  D   display_settings.c:506  _al_score_display_settings       [   0.05515] Score is : 721
display  D   display_settings.c:191  debug_display_settings           [   0.05516] color: 16 (rgba 5650), depth: 16, stencil: 0, acc: 0000, samples: 4/1
display  D   display_settings.c:506  _al_score_display_settings       [   0.05517] Score is : 717
display  D   display_settings.c:191  debug_display_settings           [   0.05517] color: 16 (rgba 5650), depth: 16, stencil: 0, acc: 0000, samples: 5/1
display  D   display_settings.c:506  _al_score_display_settings       [   0.05518] Score is : 715
display  D   display_settings.c:191  debug_display_settings           [   0.05519] color: 16 (rgba 5650), depth: 16, stencil: 0, acc: 0000, samples: 6/1
display  D   display_settings.c:506  _al_score_display_settings       [   0.05520] Score is : 714
display  D   display_settings.c:191  debug_display_settings           [   0.05520] color: 16 (rgba 5650), depth: 16, stencil: 0, acc: 0000, samples: 7/1
display  D   display_settings.c:506  _al_score_display_settings       [   0.05521] Score is : 713
display  D   display_settings.c:191  debug_display_settings           [   0.05522] color: 16 (rgba 5650), depth: 16, stencil: 0, acc: 0000, samples: 8/1
display  D   display_settings.c:506  _al_score_display_settings       [   0.05523] Score is : 712
display  D   display_settings.c:191  debug_display_settings           [   0.05523] color: 32 (rgba 8880), depth: 0, stencil: 0, acc: 0000, samples: 0/0
display  D   display_settings.c:377  _al_score_display_settings       [   0.05524] Single Buffer requirement not met.
display  D   display_settings.c:191  debug_display_settings           [   0.05525] color: 32 (rgba 8880), depth: 0, stencil: 0, acc: 0000, samples: 0/0
display  D   display_settings.c:377  _al_score_display_settings       [   0.05526] Single Buffer requirement not met.
display  D   display_settings.c:191  debug_display_settings           [   0.05526] color: 32 (rgba 8880), depth: 0, stencil: 0, acc: 0000, samples: 2/1
display  D   display_settings.c:377  _al_score_display_settings       [   0.05527] Single Buffer requirement not met.
display  D   display_settings.c:191  debug_display_settings           [   0.05528] color: 32 (rgba 8880), depth: 0, stencil: 0, acc: 0000, samples: 3/1
display  D   display_settings.c:377  _al_score_display_settings       [   0.05529] Single Buffer requirement not met.
display  D   display_settings.c:191  debug_display_settings           [   0.05530] color: 32 (rgba 8880), depth: 0, stencil: 0, acc: 0000, samples: 4/1
display  D   display_settings.c:377  _al_score_display_settings       [   0.05531] Single Buffer requirement not met.
display  D   display_settings.c:191  debug_display_settings           [   0.05531] color: 32 (rgba 8880), depth: 0, stencil: 0, acc: 0000, samples: 5/1
display  D   display_settings.c:377  _al_score_display_settings       [   0.05532] Single Buffer requirement not met.
display  D   display_settings.c:191  debug_display_settings           [   0.05533] color: 32 (rgba 8880), depth: 0, stencil: 0, acc: 0000, samples: 6/1
display  D   display_settings.c:377  _al_score_display_settings       [   0.05534] Single Buffer requirement not met.
display  D   display_settings.c:191  debug_display_settings           [   0.05534] color: 32 (rgba 8880), depth: 0, stencil: 0, acc: 0000, samples: 7/1
display  D   display_settings.c:377  _al_score_display_settings       [   0.05535] Single Buffer requirement not met.
display  D   display_settings.c:191  debug_display_settings           [   0.05536] color: 32 (rgba 8880), depth: 0, stencil: 0, acc: 0000, samples: 8/1
display  D   display_settings.c:377  _al_score_display_settings       [   0.05537] Single Buffer requirement not met.
display  D   display_settings.c:191  debug_display_settings           [   0.05537] color: 32 (rgba 8880), depth: 24, stencil: 8, acc: 0000, samples: 0/0
display  D   display_settings.c:377  _al_score_display_settings       [   0.05538] Single Buffer requirement not met.
display  D   display_settings.c:191  debug_display_settings           [   0.05539] color: 32 (rgba 8880), depth: 24, stencil: 8, acc: 0000, samples: 0/0
display  D   display_settings.c:377  _al_score_display_settings       [   0.05540] Single Buffer requirement not met.
display  D   display_settings.c:191  debug_display_settings           [   0.05541] color: 32 (rgba 8880), depth: 24, stencil: 8, acc: 0000, samples: 2/1
display  D   display_settings.c:377  _al_score_display_settings       [   0.05541] Single Buffer requirement not met.
display  D   display_settings.c:191  debug_display_settings           [   0.05542] color: 32 (rgba 8880), depth: 24, stencil: 8, acc: 0000, samples: 3/1
display  D   display_settings.c:377  _al_score_display_settings       [   0.05543] Single Buffer requirement not met.
display  D   display_settings.c:191  debug_display_settings           [   0.05544] color: 32 (rgba 8880), depth: 24, stencil: 8, acc: 0000, samples: 4/1
display  D   display_settings.c:377  _al_score_display_settings       [   0.05544] Single Buffer requirement not met.
display  D   display_settings.c:191  debug_display_settings           [   0.05545] color: 32 (rgba 8880), depth: 24, stencil: 8, acc: 0000, samples: 5/1
display  D   display_settings.c:377  _al_score_display_settings       [   0.05546] Single Buffer requirement not met.
display  D   display_settings.c:191  debug_display_settings           [   0.05546] color: 32 (rgba 8880), depth: 24, stencil: 8, acc: 0000, samples: 6/1
display  D   display_settings.c:377  _al_score_display_settings       [   0.05547] Single Buffer requirement not met.
display  D   display_settings.c:191  debug_display_settings           [   0.05548] color: 32 (rgba 8880), depth: 24, stencil: 8, acc: 0000, samples: 7/1
display  D   display_settings.c:377  _al_score_display_settings       [   0.05549] Single Buffer requirement not met.
display  D   display_settings.c:191  debug_display_settings           [   0.05550] color: 32 (rgba 8880), depth: 24, stencil: 8, acc: 0000, samples: 8/1
display  D   display_settings.c:377  _al_score_display_settings       [   0.05550] Single Buffer requirement not met.
display  D   display_settings.c:191  debug_display_settings           [   0.05551] color: 32 (rgba 8880), depth: 24, stencil: 0, acc: 0000, samples: 0/0
display  D   display_settings.c:377  _al_score_display_settings       [   0.05552] Single Buffer requirement not met.
display  D   display_settings.c:191  debug_display_settings           [   0.05553] color: 32 (rgba 8880), depth: 24, stencil: 0, acc: 0000, samples: 0/0
display  D   display_settings.c:377  _al_score_display_settings       [   0.05554] Single Buffer requirement not met.
display  D   display_settings.c:191  debug_display_settings           [   0.05554] color: 32 (rgba 8880), depth: 24, stencil: 0, acc: 0000, samples: 2/1
display  D   display_settings.c:377  _al_score_display_settings       [   0.05555] Single Buffer requirement not met.
display  D   display_settings.c:191  debug_display_settings           [   0.05556] color: 32 (rgba 8880), depth: 24, stencil: 0, acc: 0000, samples: 3/1
display  D   display_settings.c:377  _al_score_display_settings       [   0.05557] Single Buffer requirement not met.
display  D   display_settings.c:191  debug_display_settings           [   0.05557] color: 32 (rgba 8880), depth: 24, stencil: 0, acc: 0000, samples: 4/1
display  D   display_settings.c:377  _al_score_display_settings       [   0.05558] Single Buffer requirement not met.
display  D   display_settings.c:191  debug_display_settings           [   0.05559] color: 32 (rgba 8880), depth: 24, stencil: 0, acc: 0000, samples: 5/1
display  D   display_settings.c:377  _al_score_display_settings       [   0.05560] Single Buffer requirement not met.
display  D   display_settings.c:191  debug_display_settings           [   0.05560] color: 32 (rgba 8880), depth: 24, stencil: 0, acc: 0000, samples: 6/1
display  D   display_settings.c:377  _al_score_display_settings       [   0.05561] Single Buffer requirement not met.
display  D   display_settings.c:191  debug_display_settings           [   0.05562] color: 32 (rgba 8880), depth: 24, stencil: 0, acc: 0000, samples: 7/1
display  D   display_settings.c:377  _al_score_display_settings       [   0.05563] Single Buffer requirement not met.
display  D   display_settings.c:191  debug_display_settings           [   0.05563] color: 32 (rgba 8880), depth: 24, stencil: 0, acc: 0000, samples: 8/1
display  D   display_settings.c:377  _al_score_display_settings       [   0.05564] Single Buffer requirement not met.
display  D   display_settings.c:191  debug_display_settings           [   0.05565] color: 32 (rgba 8880), depth: 16, stencil: 0, acc: 0000, samples: 0/0
display  D   display_settings.c:377  _al_score_display_settings       [   0.05566] Single Buffer requirement not met.
display  D   display_settings.c:191  debug_display_settings           [   0.05566] color: 32 (rgba 8880), depth: 16, stencil: 0, acc: 0000, samples: 0/0
display  D   display_settings.c:377  _al_score_display_settings       [   0.05567] Single Buffer requirement not met.
display  D   display_settings.c:191  debug_display_settings           [   0.05568] color: 32 (rgba 8880), depth: 16, stencil: 0, acc: 0000, samples: 2/1
display  D   display_settings.c:377  _al_score_display_settings       [   0.05569] Single Buffer requirement not met.
display  D   display_settings.c:191  debug_display_settings           [   0.05569] color: 32 (rgba 8880), depth: 16, stencil: 0, acc: 0000, samples: 3/1
display  D   display_settings.c:377  _al_score_display_settings       [   0.05570] Single Buffer requirement not met.
display  D   display_settings.c:191  debug_display_settings           [   0.05571] color: 32 (rgba 8880), depth: 16, stencil: 0, acc: 0000, samples: 4/1
display  D   display_settings.c:377  _al_score_display_settings       [   0.05572] Single Buffer requirement not met.
display  D   display_settings.c:191  debug_display_settings           [   0.05572] color: 32 (rgba 8880), depth: 16, stencil: 0, acc: 0000, samples: 5/1
display  D   display_settings.c:377  _al_score_display_settings       [   0.05573] Single Buffer requirement not met.
display  D   display_settings.c:191  debug_display_settings           [   0.05574] color: 32 (rgba 8880), depth: 16, stencil: 0, acc: 0000, samples: 6/1
display  D   display_settings.c:377  _al_score_display_settings       [   0.05575] Single Buffer requirement not met.
display  D   display_settings.c:191  debug_display_settings           [   0.05576] color: 32 (rgba 8880), depth: 16, stencil: 0, acc: 0000, samples: 7/1
display  D   display_settings.c:377  _al_score_display_settings       [   0.05577] Single Buffer requirement not met.
display  D   display_settings.c:191  debug_display_settings           [   0.05578] color: 32 (rgba 8880), depth: 16, stencil: 0, acc: 0000, samples: 8/1
display  D   display_settings.c:377  _al_score_display_settings       [   0.05578] Single Buffer requirement not met.
display  D   display_settings.c:191  debug_display_settings           [   0.05579] color: 16 (rgba 5650), depth: 0, stencil: 0, acc: 0000, samples: 0/0
display  D   display_settings.c:377  _al_score_display_settings       [   0.05583] Single Buffer requirement not met.
display  D   display_settings.c:191  debug_display_settings           [   0.05584] color: 16 (rgba 5650), depth: 0, stencil: 0, acc: 0000, samples: 0/0
display  D   display_settings.c:377  _al_score_display_settings       [   0.05585] Single Buffer requirement not met.
display  D   display_settings.c:191  debug_display_settings           [   0.05585] color: 16 (rgba 5650), depth: 0, stencil: 0, acc: 0000, samples: 2/1
display  D   display_settings.c:377  _al_score_display_settings       [   0.05586] Single Buffer requirement not met.
display  D   display_settings.c:191  debug_display_settings           [   0.05587] color: 16 (rgba 5650), depth: 0, stencil: 0, acc: 0000, samples: 3/1
display  D   display_settings.c:377  _al_score_display_settings       [   0.05588] Single Buffer requirement not met.
display  D   display_settings.c:191  debug_display_settings           [   0.05589] color: 16 (rgba 5650), depth: 0, stencil: 0, acc: 0000, samples: 4/1
display  D   display_settings.c:377  _al_score_display_settings       [   0.05589] Single Buffer requirement not met.
display  D   display_settings.c:191  debug_display_settings           [   0.05590] color: 16 (rgba 5650), depth: 0, stencil: 0, acc: 0000, samples: 5/1
display  D   display_settings.c:377  _al_score_display_settings       [   0.05591] Single Buffer requirement not met.
display  D   display_settings.c:191  debug_display_settings           [   0.05592] color: 16 (rgba 5650), depth: 0, stencil: 0, acc: 0000, samples: 6/1
display  D   display_settings.c:377  _al_score_display_settings       [   0.05593] Single Buffer requirement not met.
display  D   display_settings.c:191  debug_display_settings           [   0.05593] color: 16 (rgba 5650), depth: 0, stencil: 0, acc: 0000, samples: 7/1
display  D   display_settings.c:377  _al_score_display_settings       [   0.05594] Single Buffer requirement not met.
display  D   display_settings.c:191  debug_display_settings           [   0.05595] color: 16 (rgba 5650), depth: 0, stencil: 0, acc: 0000, samples: 8/1
display  D   display_settings.c:377  _al_score_display_settings       [   0.05596] Single Buffer requirement not met.
display  D   display_settings.c:191  debug_display_settings           [   0.05596] color: 16 (rgba 5650), depth: 24, stencil: 8, acc: 0000, samples: 0/0
display  D   display_settings.c:377  _al_score_display_settings       [   0.05597] Single Buffer requirement not met.
display  D   display_settings.c:191  debug_display_settings           [   0.05598] color: 16 (rgba 5650), depth: 24, stencil: 8, acc: 0000, samples: 0/0
display  D   display_settings.c:377  _al_score_display_settings       [   0.05599] Single Buffer requirement not met.
display  D   display_settings.c:191  debug_display_settings           [   0.05599] color: 16 (rgba 5650), depth: 24, stencil: 8, acc: 0000, samples: 2/1
display  D   display_settings.c:377  _al_score_display_settings       [   0.05600] Single Buffer requirement not met.
display  D   display_settings.c:191  debug_display_settings           [   0.05601] color: 16 (rgba 5650), depth: 24, stencil: 8, acc: 0000, samples: 3/1
display  D   display_settings.c:377  _al_score_display_settings       [   0.05602] Single Buffer requirement not met.
display  D   display_settings.c:191  debug_display_settings           [   0.05605] color: 16 (rgba 5650), depth: 24, stencil: 8, acc: 0000, samples: 4/1
display  D   display_settings.c:377  _al_score_display_settings       [   0.05606] Single Buffer requirement not met.
display  D   display_settings.c:191  debug_display_settings           [   0.05607] color: 16 (rgba 5650), depth: 24, stencil: 8, acc: 0000, samples: 5/1
display  D   display_settings.c:377  _al_score_display_settings       [   0.05608] Single Buffer requirement not met.
display  D   display_settings.c:191  debug_display_settings           [   0.05609] color: 16 (rgba 5650), depth: 24, stencil: 8, acc: 0000, samples: 6/1
display  D   display_settings.c:377  _al_score_display_settings       [   0.05609] Single Buffer requirement not met.
display  D   display_settings.c:191  debug_display_settings           [   0.05610] color: 16 (rgba 5650), depth: 24, stencil: 8, acc: 0000, samples: 7/1
display  D   display_settings.c:377  _al_score_display_settings       [   0.05611] Single Buffer requirement not met.
display  D   display_settings.c:191  debug_display_settings           [   0.05612] color: 16 (rgba 5650), depth: 24, stencil: 8, acc: 0000, samples: 8/1
display  D   display_settings.c:377  _al_score_display_settings       [   0.05612] Single Buffer requirement not met.
display  D   display_settings.c:191  debug_display_settings           [   0.05613] color: 16 (rgba 5650), depth: 24, stencil: 0, acc: 0000, samples: 0/0
display  D   display_settings.c:377  _al_score_display_settings       [   0.05614] Single Buffer requirement not met.
display  D   display_settings.c:191  debug_display_settings           [   0.05615] color: 16 (rgba 5650), depth: 24, stencil: 0, acc: 0000, samples: 0/0
display  D   display_settings.c:377  _al_score_display_settings       [   0.05615] Single Buffer requirement not met.
display  D   display_settings.c:191  debug_display_settings           [   0.05616] color: 16 (rgba 5650), depth: 24, stencil: 0, acc: 0000, samples: 2/1
display  D   display_settings.c:377  _al_score_display_settings       [   0.05617] Single Buffer requirement not met.
display  D   display_settings.c:191  debug_display_settings           [   0.05618] color: 16 (rgba 5650), depth: 24, stencil: 0, acc: 0000, samples: 3/1
display  D   display_settings.c:377  _al_score_display_settings       [   0.05618] Single Buffer requirement not met.
display  D   display_settings.c:191  debug_display_settings           [   0.05619] color: 16 (rgba 5650), depth: 24, stencil: 0, acc: 0000, samples: 4/1
display  D   display_settings.c:377  _al_score_display_settings       [   0.05620] Single Buffer requirement not met.
display  D   display_settings.c:191  debug_display_settings           [   0.05621] color: 16 (rgba 5650), depth: 24, stencil: 0, acc: 0000, samples: 5/1
display  D   display_settings.c:377  _al_score_display_settings       [   0.05621] Single Buffer requirement not met.
display  D   display_settings.c:191  debug_display_settings           [   0.05622] color: 16 (rgba 5650), depth: 24, stencil: 0, acc: 0000, samples: 6/1
display  D   display_settings.c:377  _al_score_display_settings       [   0.05623] Single Buffer requirement not met.
display  D   display_settings.c:191  debug_display_settings           [   0.05624] color: 16 (rgba 5650), depth: 24, stencil: 0, acc: 0000, samples: 7/1
display  D   display_settings.c:377  _al_score_display_settings       [   0.05625] Single Buffer requirement not met.
display  D   display_settings.c:191  debug_display_settings           [   0.05625] color: 16 (rgba 5650), depth: 24, stencil: 0, acc: 0000, samples: 8/1
display  D   display_settings.c:377  _al_score_display_settings       [   0.05626] Single Buffer requirement not met.
display  D   display_settings.c:191  debug_display_settings           [   0.05627] color: 16 (rgba 5650), depth: 16, stencil: 0, acc: 0000, samples: 0/0
display  D   display_settings.c:377  _al_score_display_settings       [   0.05628] Single Buffer requirement not met.
display  D   display_settings.c:191  debug_display_settings           [   0.05628] color: 16 (rgba 5650), depth: 16, stencil: 0, acc: 0000, samples: 0/0
display  D   display_settings.c:377  _al_score_display_settings       [   0.05629] Single Buffer requirement not met.
display  D   display_settings.c:191  debug_display_settings           [   0.05630] color: 16 (rgba 5650), depth: 16, stencil: 0, acc: 0000, samples: 2/1
display  D   display_settings.c:377  _al_score_display_settings       [   0.05631] Single Buffer requirement not met.
display  D   display_settings.c:191  debug_display_settings           [   0.05632] color: 16 (rgba 5650), depth: 16, stencil: 0, acc: 0000, samples: 3/1
display  D   display_settings.c:377  _al_score_display_settings       [   0.05632] Single Buffer requirement not met.
display  D   display_settings.c:191  debug_display_settings           [   0.05633] color: 16 (rgba 5650), depth: 16, stencil: 0, acc: 0000, samples: 4/1
display  D   display_settings.c:377  _al_score_display_settings       [   0.05634] Single Buffer requirement not met.
display  D   display_settings.c:191  debug_display_settings           [   0.05635] color: 16 (rgba 5650), depth: 16, stencil: 0, acc: 0000, samples: 5/1
display  D   display_settings.c:377  _al_score_display_settings       [   0.05635] Single Buffer requirement not met.
display  D   display_settings.c:191  debug_display_settings           [   0.05636] color: 16 (rgba 5650), depth: 16, stencil: 0, acc: 0000, samples: 6/1
display  D   display_settings.c:377  _al_score_display_settings       [   0.05637] Single Buffer requirement not met.
display  D   display_settings.c:191  debug_display_settings           [   0.05638] color: 16 (rgba 5650), depth: 16, stencil: 0, acc: 0000, samples: 7/1
display  D   display_settings.c:377  _al_score_display_settings       [   0.05639] Single Buffer requirement not met.
display  D   display_settings.c:191  debug_display_settings           [   0.05639] color: 16 (rgba 5650), depth: 16, stencil: 0, acc: 0000, samples: 8/1
display  D   display_settings.c:377  _al_score_display_settings       [   0.05640] Single Buffer requirement not met.
display  D   display_settings.c:191  debug_display_settings           [   0.05641] color: 32 (rgba 8880), depth: 0, stencil: 0, acc: 0000, samples: 0/0
display  D   display_settings.c:506  _al_score_display_settings       [   0.05642] Score is : 769
display  D   display_settings.c:191  debug_display_settings           [   0.05642] color: 32 (rgba 8880), depth: 0, stencil: 0, acc: 0000, samples: 0/0
display  D   display_settings.c:506  _al_score_display_settings       [   0.05643] Score is : 769
display  D   display_settings.c:191  debug_display_settings           [   0.05644] color: 32 (rgba 8880), depth: 0, stencil: 0, acc: 0000, samples: 2/1
display  D   display_settings.c:506  _al_score_display_settings       [   0.05645] Score is : 598
display  D   display_settings.c:191  debug_display_settings           [   0.05647] color: 32 (rgba 8880), depth: 0, stencil: 0, acc: 0000, samples: 3/1
display  D   display_settings.c:506  _al_score_display_settings       [   0.05648] Score is : 593
display  D   display_settings.c:191  debug_display_settings           [   0.05649] color: 32 (rgba 8880), depth: 0, stencil: 0, acc: 0000, samples: 4/1
display  D   display_settings.c:506  _al_score_display_settings       [   0.05650] Score is : 589
display  D   display_settings.c:191  debug_display_settings           [   0.05651] color: 32 (rgba 8880), depth: 0, stencil: 0, acc: 0000, samples: 5/1
display  D   display_settings.c:506  _al_score_display_settings       [   0.05651] Score is : 587
display  D   display_settings.c:191  debug_display_settings           [   0.05652] color: 32 (rgba 8880), depth: 0, stencil: 0, acc: 0000, samples: 6/1
display  D   display_settings.c:506  _al_score_display_settings       [   0.05653] Score is : 586
display  D   display_settings.c:191  debug_display_settings           [   0.05654] color: 32 (rgba 8880), depth: 0, stencil: 0, acc: 0000, samples: 7/1
display  D   display_settings.c:506  _al_score_display_settings       [   0.05655] Score is : 585
display  D   display_settings.c:191  debug_display_settings           [   0.05655] color: 32 (rgba 8880), depth: 0, stencil: 0, acc: 0000, samples: 8/1
display  D   display_settings.c:506  _al_score_display_settings       [   0.05658] Score is : 584
display  D   display_settings.c:191  debug_display_settings           [   0.05659] color: 32 (rgba 8880), depth: 24, stencil: 8, acc: 0000, samples: 0/0
display  D   display_settings.c:506  _al_score_display_settings       [   0.05660] Score is : 769
display  D   display_settings.c:191  debug_display_settings           [   0.05660] color: 32 (rgba 8880), depth: 24, stencil: 8, acc: 0000, samples: 0/0
display  D   display_settings.c:506  _al_score_display_settings       [   0.05661] Score is : 769
display  D   display_settings.c:191  debug_display_settings           [   0.05662] color: 32 (rgba 8880), depth: 24, stencil: 8, acc: 0000, samples: 2/1
display  D   display_settings.c:506  _al_score_display_settings       [   0.05663] Score is : 598
display  D   display_settings.c:191  debug_display_settings           [   0.05663] color: 32 (rgba 8880), depth: 24, stencil: 8, acc: 0000, samples: 3/1
display  D   display_settings.c:506  _al_score_display_settings       [   0.05664] Score is : 593
display  D   display_settings.c:191  debug_display_settings           [   0.05665] color: 32 (rgba 8880), depth: 24, stencil: 8, acc: 0000, samples: 4/1
display  D   display_settings.c:506  _al_score_display_settings       [   0.05666] Score is : 589
display  D   display_settings.c:191  debug_display_settings           [   0.05666] color: 32 (rgba 8880), depth: 24, stencil: 8, acc: 0000, samples: 5/1
display  D   display_settings.c:506  _al_score_display_settings       [   0.05667] Score is : 587
display  D   display_settings.c:191  debug_display_settings           [   0.05668] color: 32 (rgba 8880), depth: 24, stencil: 8, acc: 0000, samples: 6/1
display  D   display_settings.c:506  _al_score_display_settings       [   0.05669] Score is : 586
display  D   display_settings.c:191  debug_display_settings           [   0.05669] color: 32 (rgba 8880), depth: 24, stencil: 8, acc: 0000, samples: 7/1
display  D   display_settings.c:506  _al_score_display_settings       [   0.05670] Score is : 585
display  D   display_settings.c:191  debug_display_settings           [   0.05671] color: 32 (rgba 8880), depth: 24, stencil: 8, acc: 0000, samples: 8/1
display  D   display_settings.c:506  _al_score_display_settings       [   0.05671] Score is : 584
display  D   display_settings.c:191  debug_display_settings           [   0.05672] color: 32 (rgba 8880), depth: 24, stencil: 0, acc: 0000, samples: 0/0
display  D   display_settings.c:506  _al_score_display_settings       [   0.05673] Score is : 769
display  D   display_settings.c:191  debug_display_settings           [   0.05674] color: 32 (rgba 8880), depth: 24, stencil: 0, acc: 0000, samples: 0/0
display  D   display_settings.c:506  _al_score_display_settings       [   0.05674] Score is : 769
display  D   display_settings.c:191  debug_display_settings           [   0.05675] color: 32 (rgba 8880), depth: 24, stencil: 0, acc: 0000, samples: 2/1
display  D   display_settings.c:506  _al_score_display_settings       [   0.05676] Score is : 598
display  D   display_settings.c:191  debug_display_settings           [   0.05677] color: 32 (rgba 8880), depth: 24, stencil: 0, acc: 0000, samples: 3/1
display  D   display_settings.c:506  _al_score_display_settings       [   0.05677] Score is : 593
display  D   display_settings.c:191  debug_display_settings           [   0.05678] color: 32 (rgba 8880), depth: 24, stencil: 0, acc: 0000, samples: 4/1
display  D   display_settings.c:506  _al_score_display_settings       [   0.05679] Score is : 589
display  D   display_settings.c:191  debug_display_settings           [   0.05680] color: 32 (rgba 8880), depth: 24, stencil: 0, acc: 0000, samples: 5/1
display  D   display_settings.c:506  _al_score_display_settings       [   0.05680] Score is : 587
display  D   display_settings.c:191  debug_display_settings           [   0.05681] color: 32 (rgba 8880), depth: 24, stencil: 0, acc: 0000, samples: 6/1
display  D   display_settings.c:506  _al_score_display_settings       [   0.05682] Score is : 586
display  D   display_settings.c:191  debug_display_settings           [   0.05683] color: 32 (rgba 8880), depth: 24, stencil: 0, acc: 0000, samples: 7/1
display  D   display_settings.c:506  _al_score_display_settings       [   0.05684] Score is : 585
display  D   display_settings.c:191  debug_display_settings           [   0.05684] color: 32 (rgba 8880), depth: 24, stencil: 0, acc: 0000, samples: 8/1
display  D   display_settings.c:506  _al_score_display_settings       [   0.05685] Score is : 584
display  D   display_settings.c:191  debug_display_settings           [   0.05686] color: 32 (rgba 8880), depth: 16, stencil: 0, acc: 0000, samples: 0/0
display  D   display_settings.c:506  _al_score_display_settings       [   0.05686] Score is : 769
display  D   display_settings.c:191  debug_display_settings           [   0.05687] color: 32 (rgba 8880), depth: 16, stencil: 0, acc: 0000, samples: 0/0
display  D   display_settings.c:506  _al_score_display_settings       [   0.05688] Score is : 769
display  D   display_settings.c:191  debug_display_settings           [   0.05689] color: 32 (rgba 8880), depth: 16, stencil: 0, acc: 0000, samples: 2/1
display  D   display_settings.c:506  _al_score_display_settings       [   0.05690] Score is : 598
display  D   display_settings.c:191  debug_display_settings           [   0.05690] color: 32 (rgba 8880), depth: 16, stencil: 0, acc: 0000, samples: 3/1
display  D   display_settings.c:506  _al_score_display_settings       [   0.05691] Score is : 593
display  D   display_settings.c:191  debug_display_settings           [   0.05692] color: 32 (rgba 8880), depth: 16, stencil: 0, acc: 0000, samples: 4/1
display  D   display_settings.c:506  _al_score_display_settings       [   0.05693] Score is : 589
display  D   display_settings.c:191  debug_display_settings           [   0.05693] color: 32 (rgba 8880), depth: 16, stencil: 0, acc: 0000, samples: 5/1
display  D   display_settings.c:506  _al_score_display_settings       [   0.05694] Score is : 587
display  D   display_settings.c:191  debug_display_settings           [   0.05695] color: 32 (rgba 8880), depth: 16, stencil: 0, acc: 0000, samples: 6/1
display  D   display_settings.c:506  _al_score_display_settings       [   0.05696] Score is : 586
display  D   display_settings.c:191  debug_display_settings           [   0.05698] color: 32 (rgba 8880), depth: 16, stencil: 0, acc: 0000, samples: 7/1
display  D   display_settings.c:506  _al_score_display_settings       [   0.05699] Score is : 585
display  D   display_settings.c:191  debug_display_settings           [   0.05699] color: 32 (rgba 8880), depth: 16, stencil: 0, acc: 0000, samples: 8/1
display  D   display_settings.c:506  _al_score_display_settings       [   0.05700] Score is : 584
display  D   display_settings.c:191  debug_display_settings           [   0.05701] color: 16 (rgba 5650), depth: 0, stencil: 0, acc: 0000, samples: 0/0
display  D   display_settings.c:506  _al_score_display_settings       [   0.05702] Score is : 769
display  D   display_settings.c:191  debug_display_settings           [   0.05702] color: 16 (rgba 5650), depth: 0, stencil: 0, acc: 0000, samples: 0/0
display  D   display_settings.c:506  _al_score_display_settings       [   0.05703] Score is : 769
display  D   display_settings.c:191  debug_display_settings           [   0.05704] color: 16 (rgba 5650), depth: 0, stencil: 0, acc: 0000, samples: 2/1
display  D   display_settings.c:506  _al_score_display_settings       [   0.05705] Score is : 598
display  D   display_settings.c:191  debug_display_settings           [   0.05705] color: 16 (rgba 5650), depth: 0, stencil: 0, acc: 0000, samples: 3/1
display  D   display_settings.c:506  _al_score_display_settings       [   0.05706] Score is : 593
display  D   display_settings.c:191  debug_display_settings           [   0.05707] color: 16 (rgba 5650), depth: 0, stencil: 0, acc: 0000, samples: 4/1
display  D   display_settings.c:506  _al_score_display_settings       [   0.05709] Score is : 589
display  D   display_settings.c:191  debug_display_settings           [   0.05710] color: 16 (rgba 5650), depth: 0, stencil: 0, acc: 0000, samples: 5/1
display  D   display_settings.c:506  _al_score_display_settings       [   0.05711] Score is : 587
display  D   display_settings.c:191  debug_display_settings           [   0.05712] color: 16 (rgba 5650), depth: 0, stencil: 0, acc: 0000, samples: 6/1
display  D   display_settings.c:506  _al_score_display_settings       [   0.05713] Score is : 586
display  D   display_settings.c:191  debug_display_settings           [   0.05713] color: 16 (rgba 5650), depth: 0, stencil: 0, acc: 0000, samples: 7/1
display  D   display_settings.c:506  _al_score_display_settings       [   0.05714] Score is : 585
display  D   display_settings.c:191  debug_display_settings           [   0.05715] color: 16 (rgba 5650), depth: 0, stencil: 0, acc: 0000, samples: 8/1
display  D   display_settings.c:506  _al_score_display_settings       [   0.05716] Score is : 584
display  D   display_settings.c:191  debug_display_settings           [   0.05717] color: 16 (rgba 5650), depth: 24, stencil: 8, acc: 0000, samples: 0/0
display  D   display_settings.c:506  _al_score_display_settings       [   0.05718] Score is : 769
display  D   display_settings.c:191  debug_display_settings           [   0.05719] color: 16 (rgba 5650), depth: 24, stencil: 8, acc: 0000, samples: 0/0
display  D   display_settings.c:506  _al_score_display_settings       [   0.05720] Score is : 769
display  D   display_settings.c:191  debug_display_settings           [   0.05721] color: 16 (rgba 5650), depth: 24, stencil: 8, acc: 0000, samples: 2/1
display  D   display_settings.c:506  _al_score_display_settings       [   0.05721] Score is : 598
display  D   display_settings.c:191  debug_display_settings           [   0.05722] color: 16 (rgba 5650), depth: 24, stencil: 8, acc: 0000, samples: 3/1
display  D   display_settings.c:506  _al_score_display_settings       [   0.05723] Score is : 593
display  D   display_settings.c:191  debug_display_settings           [   0.05724] color: 16 (rgba 5650), depth: 24, stencil: 8, acc: 0000, samples: 4/1
display  D   display_settings.c:506  _al_score_display_settings       [   0.05724] Score is : 589
display  D   display_settings.c:191  debug_display_settings           [   0.05725] color: 16 (rgba 5650), depth: 24, stencil: 8, acc: 0000, samples: 5/1
display  D   display_settings.c:506  _al_score_display_settings       [   0.05726] Score is : 587
display  D   display_settings.c:191  debug_display_settings           [   0.05727] color: 16 (rgba 5650), depth: 24, stencil: 8, acc: 0000, samples: 6/1
display  D   display_settings.c:506  _al_score_display_settings       [   0.05728] Score is : 586
display  D   display_settings.c:191  debug_display_settings           [   0.05729] color: 16 (rgba 5650), depth: 24, stencil: 8, acc: 0000, samples: 7/1
display  D   display_settings.c:506  _al_score_display_settings       [   0.05730] Score is : 585
display  D   display_settings.c:191  debug_display_settings           [   0.05730] color: 16 (rgba 5650), depth: 24, stencil: 8, acc: 0000, samples: 8/1
display  D   display_settings.c:506  _al_score_display_settings       [   0.05731] Score is : 584
display  D   display_settings.c:191  debug_display_settings           [   0.05732] color: 16 (rgba 5650), depth: 24, stencil: 0, acc: 0000, samples: 0/0
display  D   display_settings.c:506  _al_score_display_settings       [   0.05733] Score is : 769
display  D   display_settings.c:191  debug_display_settings           [   0.05733] color: 16 (rgba 5650), depth: 24, stencil: 0, acc: 0000, samples: 0/0
display  D   display_settings.c:506  _al_score_display_settings       [   0.05734] Score is : 769
display  D   display_settings.c:191  debug_display_settings           [   0.05735] color: 16 (rgba 5650), depth: 24, stencil: 0, acc: 0000, samples: 2/1
display  D   display_settings.c:506  _al_score_display_settings       [   0.05736] Score is : 598
display  D   display_settings.c:191  debug_display_settings           [   0.05736] color: 16 (rgba 5650), depth: 24, stencil: 0, acc: 0000, samples: 3/1
display  D   display_settings.c:506  _al_score_display_settings       [   0.05737] Score is : 593
display  D   display_settings.c:191  debug_display_settings           [   0.05738] color: 16 (rgba 5650), depth: 24, stencil: 0, acc: 0000, samples: 4/1
display  D   display_settings.c:506  _al_score_display_settings       [   0.05739] Score is : 589
display  D   display_settings.c:191  debug_display_settings           [   0.05739] color: 16 (rgba 5650), depth: 24, stencil: 0, acc: 0000, samples: 5/1
display  D   display_settings.c:506  _al_score_display_settings       [   0.05740] Score is : 587
display  D   display_settings.c:191  debug_display_settings           [   0.05741] color: 16 (rgba 5650), depth: 24, stencil: 0, acc: 0000, samples: 6/1
display  D   display_settings.c:506  _al_score_display_settings       [   0.05742] Score is : 586
display  D   display_settings.c:191  debug_display_settings           [   0.05742] color: 16 (rgba 5650), depth: 24, stencil: 0, acc: 0000, samples: 7/1
display  D   display_settings.c:506  _al_score_display_settings       [   0.05743] Score is : 585
display  D   display_settings.c:191  debug_display_settings           [   0.05744] color: 16 (rgba 5650), depth: 24, stencil: 0, acc: 0000, samples: 8/1
display  D   display_settings.c:506  _al_score_display_settings       [   0.05744] Score is : 584
display  D   display_settings.c:191  debug_display_settings           [   0.05745] color: 16 (rgba 5650), depth: 16, stencil: 0, acc: 0000, samples: 0/0
display  D   display_settings.c:506  _al_score_display_settings       [   0.05746] Score is : 769
display  D   display_settings.c:191  debug_display_settings           [   0.05746] color: 16 (rgba 5650), depth: 16, stencil: 0, acc: 0000, samples: 0/0
display  D   display_settings.c:506  _al_score_display_settings       [   0.05747] Score is : 769
display  D   display_settings.c:191  debug_display_settings           [   0.05748] color: 16 (rgba 5650), depth: 16, stencil: 0, acc: 0000, samples: 2/1
display  D   display_settings.c:506  _al_score_display_settings       [   0.05749] Score is : 598
display  D   display_settings.c:191  debug_display_settings           [   0.05749] color: 16 (rgba 5650), depth: 16, stencil: 0, acc: 0000, samples: 3/1
display  D   display_settings.c:506  _al_score_display_settings       [   0.05750] Score is : 593
display  D   display_settings.c:191  debug_display_settings           [   0.05751] color: 16 (rgba 5650), depth: 16, stencil: 0, acc: 0000, samples: 4/1
display  D   display_settings.c:506  _al_score_display_settings       [   0.05752] Score is : 589
display  D   display_settings.c:191  debug_display_settings           [   0.05752] color: 16 (rgba 5650), depth: 16, stencil: 0, acc: 0000, samples: 5/1
display  D   display_settings.c:506  _al_score_display_settings       [   0.05753] Score is : 587
display  D   display_settings.c:191  debug_display_settings           [   0.05754] color: 16 (rgba 5650), depth: 16, stencil: 0, acc: 0000, samples: 6/1
display  D   display_settings.c:506  _al_score_display_settings       [   0.05755] Score is : 586
display  D   display_settings.c:191  debug_display_settings           [   0.05755] color: 16 (rgba 5650), depth: 16, stencil: 0, acc: 0000, samples: 7/1
display  D   display_settings.c:506  _al_score_display_settings       [   0.05756] Score is : 585
display  D   display_settings.c:191  debug_display_settings           [   0.05757] color: 16 (rgba 5650), depth: 16, stencil: 0, acc: 0000, samples: 8/1
display  D   display_settings.c:506  _al_score_display_settings       [   0.05758] Score is : 584
display  D   display_settings.c:191  debug_display_settings           [   0.05758] color: 32 (rgba 8880), depth: 0, stencil: 0, acc: 0000, samples: 0/0
display  D   display_settings.c:377  _al_score_display_settings       [   0.05759] Single Buffer requirement not met.
display  D   display_settings.c:191  debug_display_settings           [   0.05760] color: 32 (rgba 8880), depth: 0, stencil: 0, acc: 0000, samples: 0/0
display  D   display_settings.c:377  _al_score_display_settings       [   0.05761] Single Buffer requirement not met.
display  D   display_settings.c:191  debug_display_settings           [   0.05761] color: 32 (rgba 8880), depth: 0, stencil: 0, acc: 0000, samples: 2/1
display  D   display_settings.c:377  _al_score_display_settings       [   0.05762] Single Buffer requirement not met.
display  D   display_settings.c:191  debug_display_settings           [   0.05763] color: 32 (rgba 8880), depth: 0, stencil: 0, acc: 0000, samples: 3/1
display  D   display_settings.c:377  _al_score_display_settings       [   0.05764] Single Buffer requirement not met.
display  D   display_settings.c:191  debug_display_settings           [   0.05764] color: 32 (rgba 8880), depth: 0, stencil: 0, acc: 0000, samples: 4/1
display  D   display_settings.c:377  _al_score_display_settings       [   0.05765] Single Buffer requirement not met.
display  D   display_settings.c:191  debug_display_settings           [   0.05766] color: 32 (rgba 8880), depth: 0, stencil: 0, acc: 0000, samples: 5/1
display  D   display_settings.c:377  _al_score_display_settings       [   0.05767] Single Buffer requirement not met.
display  D   display_settings.c:191  debug_display_settings           [   0.05767] color: 32 (rgba 8880), depth: 0, stencil: 0, acc: 0000, samples: 6/1
display  D   display_settings.c:377  _al_score_display_settings       [   0.05768] Single Buffer requirement not met.
display  D   display_settings.c:191  debug_display_settings           [   0.05769] color: 32 (rgba 8880), depth: 0, stencil: 0, acc: 0000, samples: 7/1
display  D   display_settings.c:377  _al_score_display_settings       [   0.05770] Single Buffer requirement not met.
display  D   display_settings.c:191  debug_display_settings           [   0.05770] color: 32 (rgba 8880), depth: 0, stencil: 0, acc: 0000, samples: 8/1
display  D   display_settings.c:377  _al_score_display_settings       [   0.05771] Single Buffer requirement not met.
display  D   display_settings.c:191  debug_display_settings           [   0.05772] color: 32 (rgba 8880), depth: 24, stencil: 8, acc: 0000, samples: 0/0
display  D   display_settings.c:377  _al_score_display_settings       [   0.05773] Single Buffer requirement not met.
display  D   display_settings.c:191  debug_display_settings           [   0.05773] color: 32 (rgba 8880), depth: 24, stencil: 8, acc: 0000, samples: 0/0
display  D   display_settings.c:377  _al_score_display_settings       [   0.05774] Single Buffer requirement not met.
display  D   display_settings.c:191  debug_display_settings           [   0.05775] color: 32 (rgba 8880), depth: 24, stencil: 8, acc: 0000, samples: 2/1
display  D   display_settings.c:377  _al_score_display_settings       [   0.05776] Single Buffer requirement not met.
display  D   display_settings.c:191  debug_display_settings           [   0.05776] color: 32 (rgba 8880), depth: 24, stencil: 8, acc: 0000, samples: 3/1
display  D   display_settings.c:377  _al_score_display_settings       [   0.05777] Single Buffer requirement not met.
display  D   display_settings.c:191  debug_display_settings           [   0.05778] color: 32 (rgba 8880), depth: 24, stencil: 8, acc: 0000, samples: 4/1
display  D   display_settings.c:377  _al_score_display_settings       [   0.05779] Single Buffer requirement not met.
display  D   display_settings.c:191  debug_display_settings           [   0.05779] color: 32 (rgba 8880), depth: 24, stencil: 8, acc: 0000, samples: 5/1
display  D   display_settings.c:377  _al_score_display_settings       [   0.05780] Single Buffer requirement not met.
display  D   display_settings.c:191  debug_display_settings           [   0.05781] color: 32 (rgba 8880), depth: 24, stencil: 8, acc: 0000, samples: 6/1
display  D   display_settings.c:377  _al_score_display_settings       [   0.05782] Single Buffer requirement not met.
display  D   display_settings.c:191  debug_display_settings           [   0.05782] color: 32 (rgba 8880), depth: 24, stencil: 8, acc: 0000, samples: 7/1
display  D   display_settings.c:377  _al_score_display_settings       [   0.05783] Single Buffer requirement not met.
display  D   display_settings.c:191  debug_display_settings           [   0.05784] color: 32 (rgba 8880), depth: 24, stencil: 8, acc: 0000, samples: 8/1
display  D   display_settings.c:377  _al_score_display_settings       [   0.05785] Single Buffer requirement not met.
display  D   display_settings.c:191  debug_display_settings           [   0.05785] color: 32 (rgba 8880), depth: 24, stencil: 0, acc: 0000, samples: 0/0
display  D   display_settings.c:377  _al_score_display_settings       [   0.05786] Single Buffer requirement not met.
display  D   display_settings.c:191  debug_display_settings           [   0.05787] color: 32 (rgba 8880), depth: 24, stencil: 0, acc: 0000, samples: 0/0
display  D   display_settings.c:377  _al_score_display_settings       [   0.05788] Single Buffer requirement not met.
display  D   display_settings.c:191  debug_display_settings           [   0.05788] color: 32 (rgba 8880), depth: 24, stencil: 0, acc: 0000, samples: 2/1
display  D   display_settings.c:377  _al_score_display_settings       [   0.05789] Single Buffer requirement not met.
display  D   display_settings.c:191  debug_display_settings           [   0.05790] color: 32 (rgba 8880), depth: 24, stencil: 0, acc: 0000, samples: 3/1
display  D   display_settings.c:377  _al_score_display_settings       [   0.05791] Single Buffer requirement not met.
display  D   display_settings.c:191  debug_display_settings           [   0.05791] color: 32 (rgba 8880), depth: 24, stencil: 0, acc: 0000, samples: 4/1
display  D   display_settings.c:377  _al_score_display_settings       [   0.05792] Single Buffer requirement not met.
display  D   display_settings.c:191  debug_display_settings           [   0.05793] color: 32 (rgba 8880), depth: 24, stencil: 0, acc: 0000, samples: 5/1
display  D   display_settings.c:377  _al_score_display_settings       [   0.05794] Single Buffer requirement not met.
display  D   display_settings.c:191  debug_display_settings           [   0.05794] color: 32 (rgba 8880), depth: 24, stencil: 0, acc: 0000, samples: 6/1
display  D   display_settings.c:377  _al_score_display_settings       [   0.05795] Single Buffer requirement not met.
display  D   display_settings.c:191  debug_display_settings           [   0.05796] color: 32 (rgba 8880), depth: 24, stencil: 0, acc: 0000, samples: 7/1
display  D   display_settings.c:377  _al_score_display_settings       [   0.05797] Single Buffer requirement not met.
display  D   display_settings.c:191  debug_display_settings           [   0.05797] color: 32 (rgba 8880), depth: 24, stencil: 0, acc: 0000, samples: 8/1
display  D   display_settings.c:377  _al_score_display_settings       [   0.05798] Single Buffer requirement not met.
display  D   display_settings.c:191  debug_display_settings           [   0.05799] color: 32 (rgba 8880), depth: 16, stencil: 0, acc: 0000, samples: 0/0
display  D   display_settings.c:377  _al_score_display_settings       [   0.05800] Single Buffer requirement not met.
display  D   display_settings.c:191  debug_display_settings           [   0.05801] color: 32 (rgba 8880), depth: 16, stencil: 0, acc: 0000, samples: 0/0
display  D   display_settings.c:377  _al_score_display_settings       [   0.05801] Single Buffer requirement not met.
display  D   display_settings.c:191  debug_display_settings           [   0.05802] color: 32 (rgba 8880), depth: 16, stencil: 0, acc: 0000, samples: 2/1
display  D   display_settings.c:377  _al_score_display_settings       [   0.05803] Single Buffer requirement not met.
display  D   display_settings.c:191  debug_display_settings           [   0.05804] color: 32 (rgba 8880), depth: 16, stencil: 0, acc: 0000, samples: 3/1
display  D   display_settings.c:377  _al_score_display_settings       [   0.05807] Single Buffer requirement not met.
display  D   display_settings.c:191  debug_display_settings           [   0.05808] color: 32 (rgba 8880), depth: 16, stencil: 0, acc: 0000, samples: 4/1
display  D   display_settings.c:377  _al_score_display_settings       [   0.05809] Single Buffer requirement not met.
display  D   display_settings.c:191  debug_display_settings           [   0.05810] color: 32 (rgba 8880), depth: 16, stencil: 0, acc: 0000, samples: 5/1
display  D   display_settings.c:377  _al_score_display_settings       [   0.05811] Single Buffer requirement not met.
display  D   display_settings.c:191  debug_display_settings           [   0.05811] color: 32 (rgba 8880), depth: 16, stencil: 0, acc: 0000, samples: 6/1
display  D   display_settings.c:377  _al_score_display_settings       [   0.05812] Single Buffer requirement not met.
display  D   display_settings.c:191  debug_display_settings           [   0.05813] color: 32 (rgba 8880), depth: 16, stencil: 0, acc: 0000, samples: 7/1
display  D   display_settings.c:377  _al_score_display_settings       [   0.05814] Single Buffer requirement not met.
display  D   display_settings.c:191  debug_display_settings           [   0.05814] color: 32 (rgba 8880), depth: 16, stencil: 0, acc: 0000, samples: 8/1
display  D   display_settings.c:377  _al_score_display_settings       [   0.05815] Single Buffer requirement not met.
display  D   display_settings.c:191  debug_display_settings           [   0.05816] color: 16 (rgba 5650), depth: 0, stencil: 0, acc: 0000, samples: 0/0
display  D   display_settings.c:377  _al_score_display_settings       [   0.05817] Single Buffer requirement not met.
display  D   display_settings.c:191  debug_display_settings           [   0.05818] color: 16 (rgba 5650), depth: 0, stencil: 0, acc: 0000, samples: 0/0
display  D   display_settings.c:377  _al_score_display_settings       [   0.05818] Single Buffer requirement not met.
display  D   display_settings.c:191  debug_display_settings           [   0.05819] color: 16 (rgba 5650), depth: 0, stencil: 0, acc: 0000, samples: 2/1
display  D   display_settings.c:377  _al_score_display_settings       [   0.05820] Single Buffer requirement not met.
display  D   display_settings.c:191  debug_display_settings           [   0.05821] color: 16 (rgba 5650), depth: 0, stencil: 0, acc: 0000, samples: 3/1
display  D   display_settings.c:377  _al_score_display_settings       [   0.05821] Single Buffer requirement not met.
display  D   display_settings.c:191  debug_display_settings           [   0.05822] color: 16 (rgba 5650), depth: 0, stencil: 0, acc: 0000, samples: 4/1
display  D   display_settings.c:377  _al_score_display_settings       [   0.05823] Single Buffer requirement not met.
display  D   display_settings.c:191  debug_display_settings           [   0.05824] color: 16 (rgba 5650), depth: 0, stencil: 0, acc: 0000, samples: 5/1
display  D   display_settings.c:377  _al_score_display_settings       [   0.05824] Single Buffer requirement not met.
display  D   display_settings.c:191  debug_display_settings           [   0.05825] color: 16 (rgba 5650), depth: 0, stencil: 0, acc: 0000, samples: 6/1
display  D   display_settings.c:377  _al_score_display_settings       [   0.05826] Single Buffer requirement not met.
display  D   display_settings.c:191  debug_display_settings           [   0.05828] color: 16 (rgba 5650), depth: 0, stencil: 0, acc: 0000, samples: 7/1
display  D   display_settings.c:377  _al_score_display_settings       [   0.05829] Single Buffer requirement not met.
display  D   display_settings.c:191  debug_display_settings           [   0.05829] color: 16 (rgba 5650), depth: 0, stencil: 0, acc: 0000, samples: 8/1
display  D   display_settings.c:377  _al_score_display_settings       [   0.05830] Single Buffer requirement not met.
display  D   display_settings.c:191  debug_display_settings           [   0.05831] color: 16 (rgba 5650), depth: 24, stencil: 8, acc: 0000, samples: 0/0
display  D   display_settings.c:377  _al_score_display_settings       [   0.05832] Single Buffer requirement not met.
display  D   display_settings.c:191  debug_display_settings           [   0.05833] color: 16 (rgba 5650), depth: 24, stencil: 8, acc: 0000, samples: 0/0
display  D   display_settings.c:377  _al_score_display_settings       [   0.05834] Single Buffer requirement not met.
display  D   display_settings.c:191  debug_display_settings           [   0.05834] color: 16 (rgba 5650), depth: 24, stencil: 8, acc: 0000, samples: 2/1
display  D   display_settings.c:377  _al_score_display_settings       [   0.05835] Single Buffer requirement not met.
display  D   display_settings.c:191  debug_display_settings           [   0.05836] color: 16 (rgba 5650), depth: 24, stencil: 8, acc: 0000, samples: 3/1
display  D   display_settings.c:377  _al_score_display_settings       [   0.05837] Single Buffer requirement not met.
display  D   display_settings.c:191  debug_display_settings           [   0.05837] color: 16 (rgba 5650), depth: 24, stencil: 8, acc: 0000, samples: 4/1
display  D   display_settings.c:377  _al_score_display_settings       [   0.05838] Single Buffer requirement not met.
display  D   display_settings.c:191  debug_display_settings           [   0.05839] color: 16 (rgba 5650), depth: 24, stencil: 8, acc: 0000, samples: 5/1
display  D   display_settings.c:377  _al_score_display_settings       [   0.05840] Single Buffer requirement not met.
display  D   display_settings.c:191  debug_display_settings           [   0.05840] color: 16 (rgba 5650), depth: 24, stencil: 8, acc: 0000, samples: 6/1
display  D   display_settings.c:377  _al_score_display_settings       [   0.05841] Single Buffer requirement not met.
display  D   display_settings.c:191  debug_display_settings           [   0.05842] color: 16 (rgba 5650), depth: 24, stencil: 8, acc: 0000, samples: 7/1
display  D   display_settings.c:377  _al_score_display_settings       [   0.05843] Single Buffer requirement not met.
display  D   display_settings.c:191  debug_display_settings           [   0.05843] color: 16 (rgba 5650), depth: 24, stencil: 8, acc: 0000, samples: 8/1
display  D   display_settings.c:377  _al_score_display_settings       [   0.05844] Single Buffer requirement not met.
display  D   display_settings.c:191  debug_display_settings           [   0.05845] color: 16 (rgba 5650), depth: 24, stencil: 0, acc: 0000, samples: 0/0
display  D   display_settings.c:377  _al_score_display_settings       [   0.05846] Single Buffer requirement not met.
display  D   display_settings.c:191  debug_display_settings           [   0.05846] color: 16 (rgba 5650), depth: 24, stencil: 0, acc: 0000, samples: 0/0
display  D   display_settings.c:377  _al_score_display_settings       [   0.05847] Single Buffer requirement not met.
display  D   display_settings.c:191  debug_display_settings           [   0.05848] color: 16 (rgba 5650), depth: 24, stencil: 0, acc: 0000, samples: 2/1
display  D   display_settings.c:377  _al_score_display_settings       [   0.05849] Single Buffer requirement not met.
display  D   display_settings.c:191  debug_display_settings           [   0.05850] color: 16 (rgba 5650), depth: 24, stencil: 0, acc: 0000, samples: 3/1
display  D   display_settings.c:377  _al_score_display_settings       [   0.05850] Single Buffer requirement not met.
display  D   display_settings.c:191  debug_display_settings           [   0.05851] color: 16 (rgba 5650), depth: 24, stencil: 0, acc: 0000, samples: 4/1
display  D   display_settings.c:377  _al_score_display_settings       [   0.05852] Single Buffer requirement not met.
display  D   display_settings.c:191  debug_display_settings           [   0.05853] color: 16 (rgba 5650), depth: 24, stencil: 0, acc: 0000, samples: 5/1
display  D   display_settings.c:377  _al_score_display_settings       [   0.05854] Single Buffer requirement not met.
display  D   display_settings.c:191  debug_display_settings           [   0.05854] color: 16 (rgba 5650), depth: 24, stencil: 0, acc: 0000, samples: 6/1
display  D   display_settings.c:377  _al_score_display_settings       [   0.05855] Single Buffer requirement not met.
display  D   display_settings.c:191  debug_display_settings           [   0.05856] color: 16 (rgba 5650), depth: 24, stencil: 0, acc: 0000, samples: 7/1
display  D   display_settings.c:377  _al_score_display_settings       [   0.05857] Single Buffer requirement not met.
display  D   display_settings.c:191  debug_display_settings           [   0.05858] color: 16 (rgba 5650), depth: 24, stencil: 0, acc: 0000, samples: 8/1
display  D   display_settings.c:377  _al_score_display_settings       [   0.05858] Single Buffer requirement not met.
display  D   display_settings.c:191  debug_display_settings           [   0.05859] color: 16 (rgba 5650), depth: 16, stencil: 0, acc: 0000, samples: 0/0
display  D   display_settings.c:377  _al_score_display_settings       [   0.05860] Single Buffer requirement not met.
display  D   display_settings.c:191  debug_display_settings           [   0.05861] color: 16 (rgba 5650), depth: 16, stencil: 0, acc: 0000, samples: 0/0
display  D   display_settings.c:377  _al_score_display_settings       [   0.05861] Single Buffer requirement not met.
display  D   display_settings.c:191  debug_display_settings           [   0.05862] color: 16 (rgba 5650), depth: 16, stencil: 0, acc: 0000, samples: 2/1
display  D   display_settings.c:377  _al_score_display_settings       [   0.05863] Single Buffer requirement not met.
display  D   display_settings.c:191  debug_display_settings           [   0.05864] color: 16 (rgba 5650), depth: 16, stencil: 0, acc: 0000, samples: 3/1
display  D   display_settings.c:377  _al_score_display_settings       [   0.05864] Single Buffer requirement not met.
display  D   display_settings.c:191  debug_display_settings           [   0.05865] color: 16 (rgba 5650), depth: 16, stencil: 0, acc: 0000, samples: 4/1
display  D   display_settings.c:377  _al_score_display_settings       [   0.05866] Single Buffer requirement not met.
display  D   display_settings.c:191  debug_display_settings           [   0.05867] color: 16 (rgba 5650), depth: 16, stencil: 0, acc: 0000, samples: 5/1
display  D   display_settings.c:377  _al_score_display_settings       [   0.05868] Single Buffer requirement not met.
display  D   display_settings.c:191  debug_display_settings           [   0.05868] color: 16 (rgba 5650), depth: 16, stencil: 0, acc: 0000, samples: 6/1
display  D   display_settings.c:377  _al_score_display_settings       [   0.05869] Single Buffer requirement not met.
display  D   display_settings.c:191  debug_display_settings           [   0.05870] color: 16 (rgba 5650), depth: 16, stencil: 0, acc: 0000, samples: 7/1
display  D   display_settings.c:377  _al_score_display_settings       [   0.05871] Single Buffer requirement not met.
display  D   display_settings.c:191  debug_display_settings           [   0.05871] color: 16 (rgba 5650), depth: 16, stencil: 0, acc: 0000, samples: 8/1
display  D   display_settings.c:377  _al_score_display_settings       [   0.05872] Single Buffer requirement not met.
d3d      D         d3d_disp.cpp:1645 d3d_create_display_internals     [   0.05879] Trying format 0.
d3d      I         d3d_disp.cpp:1326 d3d_display_thread_proc          [   0.05964] Chose a display format: 23
d3d      I         d3d_disp.cpp:1395 d3d_display_thread_proc          [   0.05967] Normal window.
d3d      I         d3d_disp.cpp:801  d3d_create_device                [   0.07418] Using no depth stencil buffer
d3d      D         d3d_disp.cpp:866  d3d_create_device                [   0.09671] BeginScene succeeded in create_device
d3d      D         d3d_disp.cpp:874  d3d_create_device                [   0.09673] Success
d3d      D         d3d_disp.cpp:1668 d3d_create_display_internals     [   0.09674] Resumed after wait.
d3d      I         d3d_disp.cpp:1701 d3d_create_display_internals     [   0.09680] Format 0 succeeded.
d3d      D         d3d_disp.cpp:1724 d3d_create_display_internals     [   0.09681] Returning d3d_display: 02CE7A80
d3d      D         d3d_disp.cpp:1749 d3d_create_display_locked        [   0.09683] al_display=02CE7A80
d3d      D         d3d_disp.cpp:1750 d3d_create_display_locked        [   0.09683] al_display->vt=02D93F00
d3d      D         d3d_disp.cpp:1166 real_choose_bitmap_format        [   0.09791] Fake format
d3d      D         d3d_disp.cpp:1166 real_choose_bitmap_format        [   0.09792] Fake format
d3d      D         d3d_disp.cpp:1166 real_choose_bitmap_format        [   0.09793] Fake format
d3d      D         d3d_disp.cpp:1166 real_choose_bitmap_format        [   0.09793] Fake format
d3d      D         d3d_disp.cpp:1166 real_choose_bitmap_format        [   0.09794] Fake format
d3d      D         d3d_disp.cpp:1166 real_choose_bitmap_format        [   0.09794] Fake format
d3d      D         d3d_disp.cpp:1166 real_choose_bitmap_format        [   0.09795] Fake format
d3d      D         d3d_disp.cpp:1166 real_choose_bitmap_format        [   0.09796] Fake format
d3d      D         d3d_disp.cpp:1166 real_choose_bitmap_format        [   0.09796] Fake format
d3d      D         d3d_disp.cpp:1174 real_choose_bitmap_format        [   0.09797] Alpha doesn't match
d3d      D         d3d_disp.cpp:1181 real_choose_bitmap_format        [   0.09797] Adapter format is 23
d3d      D         d3d_disp.cpp:1184 real_choose_bitmap_format        [   0.09798] Found a format
d3d      I         d3d_disp.cpp:2283 _al_d3d_create_bitmap            [   0.09799] Chose bitmap format 9
dtor     D               dtor.c:184  _al_register_destructor          [   0.09821] added dtor for object 030932F8, func 0FB32590
dtor     D               dtor.c:184  _al_register_destructor          [   0.09824] added dtor for object 03097020, func 0FB327A7
d3d      D          d3d_bmp.cpp:467  _al_d3d_sync_bitmap              [   0.10729] _al_d3d_sync_bitmap (system) ref count == 1
d3d      D          d3d_bmp.cpp:473  _al_d3d_sync_bitmap              [   0.10731] _al_d3d_sync_bitmap (video) ref count == 2
dtor     D               dtor.c:214  _al_unregister_destructor        [   6.08702] removed dtor for object 030932F8
d3d      W          d3d_bmp.cpp:743  d3d_destroy_bitmap               [   6.08710] d3d_destroy_bitmap: Release video texture failed.
dtor     D               dtor.c:214  _al_unregister_destructor        [   6.09264] removed dtor for object 02D93D80
d3d      I         d3d_disp.cpp:921  d3d_destroy_display              [   6.09271] destroying display 02CE7A80 (current 00000000)
d3d      D         d3d_disp.cpp:905  d3d_destroy_display_internals    [   6.09275] waiting for display 02CE7A80's thread to end
d3d      W         d3d_disp.cpp:617  d3d_destroy_device               [   6.12039] d3d_destroy_device: ref count not 0
d3d      I         d3d_disp.cpp:1527 d3d_display_thread_proc          [   6.14584] d3d display thread exits
dtor     D               dtor.c:214  _al_unregister_destructor        [   6.14646] removed dtor for object 03097020
